{"level":"info","message":"Running...","service":"user-service"}
{"level":"info","message":"Running..."}
{"level":"info","message":"Running..."}
{"level":"error","message":"Running..."}
{"level":"info","message":"Running..."}
{"level":"info","message":"Running..."}
{"level":"info","message":"Running..."}
{"level":"info","message":"Running..."}
{"level":"info","message":"Running..."}
{"level":"info","message":"Running..."}
{"level":"info","message":"Running..."}
{"level":"info","message":"Running..."}
{"level":"info","message":"Running..."}
{"level":"info","message":"Running..."}
{"level":"info","message":"Running..."}
{"level":"info","message":"Running..."}
{"level":"info","message":"Running..."}
{"level":"info","message":"Running..."}
{"level":"info","message":"Running..."}
{"level":"info","message":"Running..."}
{"level":"info","message":"Running..."}
{"level":"info","message":"Running..."}
{"level":"info","message":"Running..."}
{"level":"info","message":"Running..."}
{"level":"info","message":"Running..."}
{"level":"info","message":"Running..."}
{"level":"info","message":"Running..."}
{"level":"info","message":"Running..."}
{"level":"info","message":"Running..."}
{"level":"info","message":"Running..."}
{"level":"info","message":"Running..."}
{"level":"info","message":"Running..."}
{"level":"info","message":"Running..."}
{"level":"info","message":"Running..."}
{"level":"info","message":"Running..."}
{"level":"info","message":"Running..."}
{"level":"info","message":"Running..."}
{"level":"info","message":"Running..."}
{"level":"info","message":"Running..."}
{"level":"info","message":"Running..."}
{"level":"info","message":"Running..."}
{"level":"info","message":"Running..."}
{"level":"info","message":"Running..."}
{"level":"info","message":"Running..."}
{"level":"info","message":"Running..."}
{"level":"info","message":"Running..."}
{"level":"info","message":"Running..."}
{"level":"info","message":"Running..."}
{"level":"info","message":"Running..."}
{"level":"info","message":"Running..."}
{"level":"info","message":"Running..."}
{"level":"info","message":"Running..."}
{"level":"info","message":"Running..."}
{"level":"info","message":"Running..."}
{"level":"info","message":"Running..."}
{"level":"info","message":"Running..."}
{"level":"info","message":"Running..."}
{"level":"info","message":"Running..."}
{"level":"info","message":"Running..."}
{"level":"info","message":"Running..."}
{"level":"info","message":"Running..."}
{"level":"info","message":"Running..."}
{"level":"info","message":"Running..."}
{"level":"info","message":"Running..."}
{"level":"info","message":"Running..."}
{"level":"info","message":"Running..."}
{"level":"info","message":"Running..."}
{"level":"info","message":"Running..."}
{"level":"info","message":"Running..."}
{"code":8000,"codeName":"AtlasError","connectionGeneration":0,"level":"error","ok":0}
{"level":"info","message":"Running..."}
{"level":"info","message":"Running..."}
{"level":"info","message":"Running..."}
{"level":"error","message":"Connection to MongoDB failed"}
{"level":"info","message":"Running..."}
{"level":"error","message":"Connection to MongoDB failed"}
{"level":"info","message":"Running..."}
{"level":"error","message":"Connection to MongoDB failed"}
{"level":"info","message":"Running..."}
{"level":"info","message":"Running..."}
{"level":"info","message":"Running..."}
{"level":"error","message":"Connection to MongoDB failed"}
{"level":"info","message":"Running..."}
{"level":"error","message":"Connection to MongoDB failed"}
{"level":"info","message":"Running..."}
{"level":"info","message":"Running..."}
{"level":"info","message":"Running..."}
{"level":"error","message":"Connection to MongoDB failed"}
{"level":"info","message":"Running..."}
{"level":"error","message":"Connection to MongoDB failed"}
{"level":"info","message":"Running..."}
{"level":"error","message":"Connection to MongoDB failed"}
{"level":"info","message":"Running..."}
{"level":"error","message":"Connection to MongoDB failed"}
{"level":"info","message":"Running..."}
{"level":"error","message":"Connection to MongoDB failed"}
{"level":"info","message":"Running..."}
{"level":"error","message":"Connection to MongoDB failed"}
{"level":"info","message":"Running..."}
{"level":"error","message":"Connection to MongoDB failed"}
{"level":"info","message":"Running..."}
{"level":"error","message":"Connection to MongoDB failed"}
{"level":"info","message":"Running..."}
{"level":"error","message":"Connection to MongoDB failed"}
{"level":"info","message":"Running..."}
{"level":"error","message":"Connection to MongoDB failed"}
{"level":"info","message":"Running..."}
{"level":"info","message":"Connected successfully to MongoDB"}
{"level":"info","message":"Running..."}
{"level":"info","message":"Connected successfully to MongoDB"}
{"level":"info","message":"Running..."}
{"level":"info","message":"Connected successfully to MongoDB"}
{"level":"info","message":"Running..."}
{"level":"info","message":"Connected successfully to MongoDB ✅"}
{"level":"info","message":"Running..."}
{"level":"info","message":"Connected successfully to MongoDB ✅"}
{"level":"info","message":"Running..."}
{"level":"info","message":"Connected successfully to MongoDB ✅"}
{"level":"info","message":"Running..."}
{"level":"info","message":"Connected successfully to MongoDB ✅"}
{"level":"info","message":"Running..."}
{"level":"info","message":"Connected successfully to MongoDB ✅"}
{"level":"info","message":"Running..."}
{"level":"info","message":"Connected successfully to MongoDB ✅"}
{"level":"info","message":"Running..."}
{"level":"info","message":"Connected successfully to MongoDB ✅"}
{"level":"info","message":"Running..."}
{"level":"info","message":"Connected successfully to MongoDB ✅"}
{"level":"info","message":"Running..."}
{"level":"info","message":"Connected successfully to MongoDB ✅"}
{"level":"info","message":"Running..."}
{"level":"info","message":"Connected successfully to MongoDB ✅"}
{"level":"info","message":"Running..."}
{"level":"info","message":"Connected successfully to MongoDB ✅"}
{"level":"info","message":"Running..."}
{"level":"info","message":"Connected successfully to MongoDB ✅"}
{"level":"info","message":"Running..."}
{"level":"info","message":"Connected successfully to MongoDB ✅"}
{"level":"info","message":"Running..."}
{"level":"info","message":"Connected successfully to MongoDB ✅"}
{"level":"info","message":"Running..."}
{"level":"info","message":"Running..."}
{"level":"info","message":"Connected successfully to MongoDB ✅"}
{"level":"info","message":"Running..."}
{"level":"info","message":"Connected successfully to MongoDB ✅"}
{"level":"info","message":"Running..."}
{"level":"info","message":"Connected successfully to MongoDB ✅"}
{"level":"info","message":"Running..."}
{"level":"info","message":"Connected successfully to MongoDB ✅"}
{"level":"info","message":"Running..."}
{"level":"info","message":"Connected successfully to MongoDB ✅"}
{"level":"info","message":"Running..."}
{"level":"info","message":"Connected successfully to MongoDB ✅"}
{"level":"info","message":"Running..."}
{"level":"info","message":"Connected successfully to MongoDB ✅"}
{"level":"info","message":"Running..."}
{"level":"info","message":"Connected successfully to MongoDB ✅"}
{"level":"info","message":"Running..."}
{"level":"info","message":"Connected successfully to MongoDB ✅"}
{"level":"info","message":"Running..."}
{"level":"info","message":"Connected successfully to MongoDB ✅"}
{"_message":"UserModel validation failed","errors":{"password":{"kind":"minlength","message":"Password should be at least 6 characters","name":"ValidatorError","path":"password","properties":{"message":"Password should be at least 6 characters","minlength":6,"path":"password","type":"minlength","value":"1234"},"value":"1234"},"picture":{"kind":"required","message":"Please provide a picture","name":"ValidatorError","path":"picture","properties":{"message":"Please provide a picture","path":"picture","type":"required","value":""},"value":""}},"level":"error","message":"UserModel validation failed: password: Password should be at least 6 characters, picture: Please provide a picture","name":"ValidationError"}
{"level":"info","message":"Running..."}
{"level":"info","message":"Connected successfully to MongoDB ✅"}
{"_message":"UserModel validation failed","errors":{"picture":{"kind":"required","message":"Please provide a picture","name":"ValidatorError","path":"picture","properties":{"message":"Please provide a picture","path":"picture","type":"required","value":""},"value":""}},"level":"error","message":"UserModel validation failed: picture: Please provide a picture","name":"ValidationError"}
{"level":"info","message":"Running..."}
{"level":"info","message":"Connected successfully to MongoDB ✅"}
{"level":"info","message":"Running..."}
{"level":"info","message":"Connected successfully to MongoDB ✅"}
{"level":"info","message":"Running..."}
{"level":"info","message":"Connected successfully to MongoDB ✅"}
{"level":"info","message":"Running..."}
{"level":"info","message":"Connected successfully to MongoDB ✅"}
{"level":"info","message":"Running..."}
{"level":"info","message":"Connected successfully to MongoDB ✅"}
{"level":"info","message":"Running..."}
{"level":"info","message":"Running..."}
{"level":"info","message":"Connected successfully to MongoDB ✅"}
{"level":"info","message":"Running..."}
{"level":"info","message":"Connected successfully to MongoDB ✅"}
{"level":"info","message":"Running..."}
{"level":"info","message":"Connected successfully to MongoDB ✅"}
{"code":11000,"index":0,"keyPattern":{"email":1},"keyValue":{"email":"amaben@gmail5.com"},"level":"error"}
{"level":"info","message":"Running..."}
{"level":"info","message":"Connected successfully to MongoDB ✅"}
{"level":"info","message":"Running..."}
{"level":"info","message":"Connected successfully to MongoDB ✅"}
{"level":"info","message":"Running..."}
{"level":"info","message":"Connected successfully to MongoDB ✅"}
{"level":"info","message":"Running..."}
{"level":"info","message":"Running..."}
{"level":"info","message":"Running..."}
{"level":"info","message":"Connected successfully to MongoDB ✅"}
{"level":"info","message":"Running..."}
{"level":"info","message":"Connected successfully to MongoDB ✅"}
{"level":"info","message":"Running..."}
{"level":"info","message":"Connected successfully to MongoDB ✅"}
{"level":"info","message":"Running..."}
{"level":"info","message":"Connected successfully to MongoDB ✅"}
{"level":"info","message":"Running..."}
{"level":"info","message":"Connected successfully to MongoDB ✅"}
{"level":"info","message":"Running..."}
{"level":"info","message":"Connected successfully to MongoDB ✅"}
{"level":"info","message":"Running..."}
{"level":"info","message":"Connected successfully to MongoDB ✅"}
{"level":"info","message":"Running..."}
{"level":"info","message":"Connected successfully to MongoDB ✅"}
{"level":"info","message":"Running..."}
{"level":"info","message":"Connected successfully to MongoDB ✅"}
{"level":"info","message":"Running..."}
{"level":"info","message":"Running..."}
{"level":"info","message":"Connected successfully to MongoDB ✅"}
{"level":"info","message":"Running..."}
{"level":"info","message":"Connected successfully to MongoDB ✅"}
{"level":"info","message":"Running..."}
{"level":"info","message":"Connected successfully to MongoDB ✅"}
{"level":"info","message":"Running..."}
{"level":"info","message":"Running..."}
{"level":"info","message":"Connected successfully to MongoDB ✅"}
{"level":"info","message":"Running..."}
{"level":"info","message":"Connected successfully to MongoDB ✅"}
{"level":"info","message":"Running..."}
{"level":"info","message":"Running..."}
{"level":"info","message":"Connected successfully to MongoDB ✅"}
{"level":"info","message":"Running..."}
{"level":"info","message":"Connected successfully to MongoDB ✅"}
{"level":"info","message":"Running..."}
{"level":"info","message":"Connected successfully to MongoDB ✅"}
{"level":"info","message":"Running..."}
{"level":"info","message":"Connected successfully to MongoDB ✅"}
{"level":"info","message":"Running..."}
{"level":"info","message":"Connected successfully to MongoDB ✅"}
{"level":"info","message":"Running..."}
{"level":"info","message":"Connected successfully to MongoDB ✅"}
{"level":"info","message":"Running..."}
{"level":"info","message":"Connected successfully to MongoDB ✅"}
{"level":"info","message":"Running..."}
{"level":"info","message":"Connected successfully to MongoDB ✅"}
{"level":"info","message":"Running..."}
{"level":"info","message":"Connected successfully to MongoDB ✅"}
{"level":"info","message":"Running..."}
{"level":"info","message":"Connected successfully to MongoDB ✅"}
{"level":"info","message":"Running..."}
{"level":"info","message":"Running..."}
{"level":"info","message":"Connected successfully to MongoDB ✅"}
{"level":"info","message":"Running..."}
{"level":"info","message":"Connected successfully to MongoDB ✅"}
{"level":"info","message":"Running..."}
{"level":"info","message":"Connected successfully to MongoDB ✅"}
{"level":"info","message":"Running..."}
{"level":"info","message":"Connected successfully to MongoDB ✅"}
{"level":"info","message":"Running..."}
{"level":"info","message":"Connected successfully to MongoDB ✅"}
{"level":"info","message":"Running..."}
{"level":"info","message":"Running..."}
{"level":"info","message":"Connected successfully to MongoDB ✅"}
{"level":"info","message":"Running..."}
{"level":"info","message":"Connected successfully to MongoDB ✅"}
{"level":"info","message":"Running..."}
{"level":"info","message":"Running..."}
{"level":"info","message":"Connected successfully to MongoDB ✅"}
{"level":"info","message":"Running..."}
{"level":"info","message":"Running..."}
{"level":"info","message":"Connected successfully to MongoDB ✅"}
{"level":"info","message":"Running..."}
{"level":"info","message":"Connected successfully to MongoDB ✅"}
{"level":"info","message":"Running..."}
{"level":"info","message":"Connected successfully to MongoDB ✅"}
{"level":"info","message":"Running..."}
{"level":"info","message":"Connected successfully to MongoDB ✅"}
{"level":"info","message":"Running..."}
{"level":"info","message":"Connected successfully to MongoDB ✅"}
{"level":"info","message":"Running..."}
{"level":"info","message":"Connected successfully to MongoDB ✅"}
{"level":"info","message":"Running..."}
{"level":"info","message":"Running..."}
{"level":"info","message":"Connected successfully to MongoDB ✅"}
{"level":"info","message":"Running..."}
{"level":"info","message":"Connected successfully to MongoDB ✅"}
{"level":"info","message":"Running..."}
{"level":"info","message":"Connected successfully to MongoDB ✅"}
{"level":"info","message":"Running..."}
{"level":"error","message":"Connection to MongoDB failed ❌"}
{"level":"info","message":"Running..."}
{"level":"info","message":"Connected successfully to MongoDB ✅"}
{"level":"info","message":"Running..."}
{"level":"info","message":"Connected successfully to MongoDB ✅"}
{"level":"info","message":"Running..."}
{"level":"info","message":"Connected successfully to MongoDB ✅"}
{"level":"info","message":"Running..."}
{"level":"info","message":"Connected successfully to MongoDB ✅"}
{"level":"info","message":"Running..."}
{"level":"info","message":"Running..."}
{"level":"info","message":"Connected successfully to MongoDB ✅"}
{"level":"info","message":"Running..."}
{"level":"info","message":"Connected successfully to MongoDB ✅"}
{"level":"info","message":"Running..."}
{"level":"info","message":"Connected successfully to MongoDB ✅"}
{"level":"info","message":"Running..."}
{"level":"info","message":"Connected successfully to MongoDB ✅"}
{"level":"info","message":"Running..."}
{"level":"info","message":"Connected successfully to MongoDB ✅"}
{"level":"info","message":"Running..."}
{"level":"info","message":"Running..."}
{"level":"info","message":"Connected successfully to MongoDB ✅"}
{"level":"info","message":"Running..."}
{"level":"info","message":"Connected successfully to MongoDB ✅"}
{"level":"info","message":"Running..."}
{"level":"info","message":"Connected successfully to MongoDB ✅"}
{"level":"info","message":"Running..."}
{"level":"info","message":"Connected successfully to MongoDB ✅"}
{"level":"info","message":"Running..."}
{"level":"info","message":"Connected successfully to MongoDB ✅"}
{"level":"info","message":"Running..."}
{"level":"info","message":"Connected successfully to MongoDB ✅"}
{"level":"info","message":"Running..."}
{"level":"info","message":"Connected successfully to MongoDB ✅"}
{"level":"info","message":"Running..."}
{"level":"info","message":"Connected successfully to MongoDB ✅"}
{"level":"info","message":"Running..."}
{"level":"info","message":"Connected successfully to MongoDB ✅"}
{"level":"info","message":"Running..."}
{"level":"info","message":"Connected successfully to MongoDB ✅"}
{"level":"info","message":"Running..."}
{"level":"info","message":"Running..."}
{"level":"info","message":"Connected successfully to MongoDB ✅"}
{"level":"info","message":"Running..."}
{"level":"info","message":"Connected successfully to MongoDB ✅"}
{"level":"info","message":"Running..."}
{"level":"info","message":"Connected successfully to MongoDB ✅"}
{"level":"info","message":"Running..."}
{"level":"info","message":"Connected successfully to MongoDB ✅"}
{"level":"info","message":"Running..."}
{"level":"info","message":"Connected successfully to MongoDB ✅"}
{"level":"info","message":"Running..."}
{"level":"info","message":"Connected successfully to MongoDB ✅"}
{"level":"info","message":"Running..."}
{"level":"info","message":"Connected successfully to MongoDB ✅"}
{"level":"info","message":"Running..."}
{"level":"info","message":"Connected successfully to MongoDB ✅"}
{"level":"info","message":"Running..."}
{"level":"info","message":"Connected successfully to MongoDB ✅"}
{"level":"info","message":"Running..."}
{"level":"info","message":"Connected successfully to MongoDB ✅"}
{"level":"info","message":"Running..."}
{"level":"info","message":"Connected successfully to MongoDB ✅"}
{"level":"info","message":"Running..."}
{"level":"info","message":"Connected successfully to MongoDB ✅"}
{"level":"info","message":"Running..."}
{"level":"info","message":"Connected successfully to MongoDB ✅"}
{"level":"info","message":"Running..."}
{"level":"info","message":"Connected successfully to MongoDB ✅"}
{"level":"info","message":"Running..."}
{"level":"info","message":"Connected successfully to MongoDB ✅"}
{"level":"info","message":"Running..."}
{"level":"info","message":"Connected successfully to MongoDB ✅"}
{"level":"info","message":"Running..."}
{"level":"info","message":"Connected successfully to MongoDB ✅"}
{"level":"info","message":"Running..."}
{"level":"info","message":"Connected successfully to MongoDB ✅"}
{"level":"info","message":"Running..."}
{"level":"info","message":"Connected successfully to MongoDB ✅"}
{"level":"info","message":"Running..."}
{"level":"info","message":"Connected successfully to MongoDB ✅"}
{"level":"info","message":"Running..."}
{"level":"info","message":"Connected successfully to MongoDB ✅"}
{"level":"info","message":"Running..."}
{"level":"info","message":"Connected successfully to MongoDB ✅"}
{"level":"info","message":"Running..."}
{"level":"info","message":"Connected successfully to MongoDB ✅"}
{"level":"info","message":"Running..."}
{"level":"info","message":"Connected successfully to MongoDB ✅"}
{"level":"info","message":"Running..."}
{"level":"info","message":"Connected successfully to MongoDB ✅"}
{"level":"info","message":"Running..."}
{"level":"info","message":"Connected successfully to MongoDB ✅"}
{"level":"info","message":"Running..."}
{"level":"info","message":"Connected successfully to MongoDB ✅"}
{"level":"info","message":"Running..."}
{"level":"info","message":"Connected successfully to MongoDB ✅"}
{"level":"info","message":"Running..."}
{"level":"info","message":"Connected successfully to MongoDB ✅"}
{"level":"info","message":"Running..."}
{"level":"info","message":"Connected successfully to MongoDB ✅"}
{"level":"info","message":"Running..."}
{"level":"info","message":"Connected successfully to MongoDB ✅"}
{"level":"info","message":"Running..."}
{"level":"info","message":"Connected successfully to MongoDB ✅"}
{"level":"info","message":"Running..."}
{"level":"info","message":"Connected successfully to MongoDB ✅"}
{"level":"info","message":"Running..."}
{"level":"info","message":"Connected successfully to MongoDB ✅"}
{"level":"info","message":"Running..."}
{"level":"info","message":"Connected successfully to MongoDB ✅"}
{"level":"info","message":"Running..."}
{"level":"info","message":"Connected successfully to MongoDB ✅"}
{"level":"info","message":"Running..."}
{"level":"info","message":"Running..."}
{"level":"info","message":"Connected successfully to MongoDB ✅"}
{"level":"info","message":"Running..."}
{"level":"info","message":"Connected successfully to MongoDB ✅"}
{"level":"info","message":"Running..."}
{"level":"info","message":"Connected successfully to MongoDB ✅"}
{"level":"info","message":"Running..."}
{"level":"info","message":"Connected successfully to MongoDB ✅"}
{"level":"info","message":"Running..."}
{"level":"info","message":"Connected successfully to MongoDB ✅"}
{"level":"info","message":"Running..."}
{"level":"info","message":"Connected successfully to MongoDB ✅"}
{"level":"info","message":"Running..."}
{"level":"info","message":"Connected successfully to MongoDB ✅"}
{"level":"info","message":"Running..."}
{"level":"info","message":"Connected successfully to MongoDB ✅"}
{"level":"info","message":"Running..."}
{"level":"info","message":"Connected successfully to MongoDB ✅"}
{"level":"info","message":"Running..."}
{"level":"info","message":"Connected successfully to MongoDB ✅"}
{"level":"info","message":"Running..."}
{"level":"info","message":"Connected successfully to MongoDB ✅"}
{"level":"info","message":"Running..."}
{"level":"info","message":"Connected successfully to MongoDB ✅"}
{"level":"info","message":"Running..."}
{"level":"info","message":"Connected successfully to MongoDB ✅"}
{"level":"info","message":"Running..."}
{"level":"info","message":"Connected successfully to MongoDB ✅"}
{"level":"info","message":"Running..."}
{"level":"info","message":"Connected successfully to MongoDB ✅"}
{"level":"info","message":"Running..."}
{"level":"info","message":"Connected successfully to MongoDB ✅"}
{"level":"info","message":"Running..."}
{"level":"info","message":"Connected successfully to MongoDB ✅"}
{"level":"info","message":"Running..."}
{"level":"info","message":"Connected successfully to MongoDB ✅"}
{"level":"info","message":"Running..."}
{"level":"info","message":"Connected successfully to MongoDB ✅"}
{"level":"info","message":"Running..."}
{"level":"info","message":"Connected successfully to MongoDB ✅"}
{"level":"info","message":"Running..."}
{"level":"info","message":"Connected successfully to MongoDB ✅"}
{"level":"info","message":"Running..."}
{"level":"info","message":"Connected successfully to MongoDB ✅"}
{"level":"info","message":"Running..."}
{"level":"info","message":"Connected successfully to MongoDB ✅"}
{"level":"info","message":"Running..."}
{"level":"info","message":"Connected successfully to MongoDB ✅"}
{"level":"info","message":"Running..."}
{"level":"info","message":"Connected successfully to MongoDB ✅"}
{"level":"info","message":"Running..."}
{"level":"info","message":"Connected successfully to MongoDB ✅"}
{"level":"info","message":"Running..."}
{"level":"info","message":"Connected successfully to MongoDB ✅"}
{"level":"info","message":"Running..."}
{"level":"info","message":"Connected successfully to MongoDB ✅"}
{"level":"info","message":"Running..."}
{"level":"info","message":"Connected successfully to MongoDB ✅"}
{"level":"info","message":"Running..."}
{"level":"info","message":"Connected successfully to MongoDB ✅"}
{"level":"info","message":"Running..."}
{"level":"info","message":"Connected successfully to MongoDB ✅"}
{"level":"info","message":"Running..."}
{"level":"info","message":"Connected successfully to MongoDB ✅"}
{"level":"info","message":"Running..."}
{"level":"info","message":"Connected successfully to MongoDB ✅"}
{"level":"info","message":"Running..."}
{"level":"info","message":"Connected successfully to MongoDB ✅"}
{"level":"info","message":"Running..."}
{"level":"info","message":"Connected successfully to MongoDB ✅"}
{"level":"info","message":"Running..."}
{"level":"info","message":"Connected successfully to MongoDB ✅"}
{"level":"info","message":"Running..."}
{"level":"info","message":"Connected successfully to MongoDB ✅"}
{"level":"info","message":"Running..."}
{"level":"info","message":"Connected successfully to MongoDB ✅"}
{"level":"info","message":"Running..."}
{"level":"info","message":"Running..."}
{"level":"info","message":"Connected successfully to MongoDB ✅"}
{"level":"info","message":"Running..."}
{"level":"info","message":"Connected successfully to MongoDB ✅"}
{"level":"info","message":"Running..."}
{"level":"info","message":"Connected successfully to MongoDB ✅"}
{"level":"info","message":"Running..."}
{"level":"info","message":"Connected successfully to MongoDB ✅"}
{"level":"info","message":"Running..."}
{"level":"info","message":"Connected successfully to MongoDB ✅"}
{"level":"info","message":"Running..."}
{"level":"info","message":"Connected successfully to MongoDB ✅"}
{"level":"info","message":"Running..."}
{"level":"info","message":"Connected successfully to MongoDB ✅"}
{"level":"info","message":"Running..."}
{"level":"info","message":"Connected successfully to MongoDB ✅"}
{"level":"info","message":"Running..."}
{"level":"info","message":"Connected successfully to MongoDB ✅"}
{"level":"info","message":"Running..."}
{"level":"info","message":"Connected successfully to MongoDB ✅"}
{"level":"info","message":"Running..."}
{"level":"info","message":"Connected successfully to MongoDB ✅"}
{"level":"info","message":"Running..."}
{"level":"info","message":"Connected successfully to MongoDB ✅"}
{"level":"info","message":"Running..."}
{"level":"info","message":"Connected successfully to MongoDB ✅"}
{"level":"info","message":"Running..."}
{"level":"info","message":"Connected successfully to MongoDB ✅"}
{"level":"info","message":"Running..."}
{"level":"info","message":"Connected successfully to MongoDB ✅"}
{"level":"info","message":"Running..."}
{"level":"info","message":"Connected successfully to MongoDB ✅"}
{"level":"info","message":"Running..."}
{"level":"info","message":"Connected successfully to MongoDB ✅"}
{"level":"info","message":"Running..."}
{"level":"info","message":"Connected successfully to MongoDB ✅"}
{"level":"info","message":"Running..."}
{"level":"info","message":"Connected successfully to MongoDB ✅"}
{"level":"info","message":"Running..."}
{"level":"info","message":"Connected successfully to MongoDB ✅"}
{"level":"info","message":"Running..."}
{"level":"info","message":"Connected successfully to MongoDB ✅"}
{"level":"info","message":"Running..."}
{"level":"info","message":"Connected successfully to MongoDB ✅"}
{"level":"info","message":"Running..."}
{"level":"info","message":"Connected successfully to MongoDB ✅"}
{"level":"info","message":"Running..."}
{"level":"info","message":"Connected successfully to MongoDB ✅"}
{"level":"info","message":"Running..."}
{"level":"info","message":"Connected successfully to MongoDB ✅"}
{"level":"info","message":"Running..."}
{"level":"info","message":"Connected successfully to MongoDB ✅"}
{"level":"info","message":"Running..."}
{"level":"info","message":"Connected successfully to MongoDB ✅"}
{"level":"info","message":"Running..."}
{"level":"info","message":"Connected successfully to MongoDB ✅"}
{"level":"info","message":"Running..."}
{"level":"info","message":"Connected successfully to MongoDB ✅"}
{"level":"info","message":"Running..."}
{"level":"info","message":"Connected successfully to MongoDB ✅"}
{"level":"info","message":"Running..."}
{"level":"info","message":"Connected successfully to MongoDB ✅"}
{"level":"info","message":"Running..."}
{"level":"info","message":"Connected successfully to MongoDB ✅"}
{"level":"info","message":"Running..."}
{"level":"info","message":"Connected successfully to MongoDB ✅"}
{"level":"info","message":"Running..."}
{"level":"info","message":"Connected successfully to MongoDB ✅"}
{"level":"info","message":"Running..."}
{"level":"info","message":"Connected successfully to MongoDB ✅"}
{"level":"info","message":"Running..."}
{"level":"info","message":"Connected successfully to MongoDB ✅"}
{"level":"info","message":"Running..."}
{"level":"info","message":"Connected successfully to MongoDB ✅"}
{"level":"info","message":"Running..."}
{"level":"info","message":"Connected successfully to MongoDB ✅"}
{"level":"info","message":"Running..."}
{"level":"info","message":"Connected successfully to MongoDB ✅"}
{"level":"info","message":"Running..."}
{"level":"info","message":"Connected successfully to MongoDB ✅"}
{"level":"info","message":"Running..."}
{"level":"info","message":"Connected successfully to MongoDB ✅"}
{"level":"info","message":"Running..."}
{"level":"info","message":"Connected successfully to MongoDB ✅"}
{"level":"info","message":"Running..."}
{"level":"info","message":"Connected successfully to MongoDB ✅"}
{"level":"info","message":"Running..."}
{"level":"info","message":"Connected successfully to MongoDB ✅"}
{"level":"info","message":"Running..."}
{"level":"info","message":"Connected successfully to MongoDB ✅"}
{"level":"info","message":"Running..."}
{"level":"info","message":"Connected successfully to MongoDB ✅"}
{"level":"info","message":"Running..."}
{"level":"info","message":"Connected successfully to MongoDB ✅"}
{"level":"info","message":"Running..."}
{"level":"info","message":"Connected successfully to MongoDB ✅"}
{"level":"info","message":"Running..."}
{"level":"info","message":"Connected successfully to MongoDB ✅"}
{"level":"info","message":"Running..."}
{"level":"info","message":"Connected successfully to MongoDB ✅"}
{"level":"info","message":"Running..."}
{"level":"info","message":"Connected successfully to MongoDB ✅"}
{"level":"info","message":"Running..."}
{"level":"info","message":"Connected successfully to MongoDB ✅"}
{"level":"info","message":"Running..."}
{"level":"info","message":"Connected successfully to MongoDB ✅"}
{"level":"info","message":"Running..."}
{"level":"info","message":"Connected successfully to MongoDB ✅"}
{"level":"info","message":"Running..."}
{"level":"info","message":"Connected successfully to MongoDB ✅"}
{"level":"info","message":"Running..."}
{"level":"info","message":"Connected successfully to MongoDB ✅"}
{"level":"info","message":"Running..."}
{"level":"info","message":"Connected successfully to MongoDB ✅"}
{"level":"info","message":"Running..."}
{"level":"info","message":"Connected successfully to MongoDB ✅"}
{"level":"info","message":"Running..."}
{"level":"info","message":"Connected successfully to MongoDB ✅"}
{"level":"info","message":"Running..."}
{"level":"info","message":"Connected successfully to MongoDB ✅"}
{"level":"info","message":"Running..."}
{"level":"info","message":"Connected successfully to MongoDB ✅"}
{"level":"info","message":"Running..."}
{"level":"info","message":"Connected successfully to MongoDB ✅"}
{"level":"info","message":"Running..."}
{"level":"info","message":"Connected successfully to MongoDB ✅"}
{"level":"info","message":"Running..."}
{"level":"info","message":"Connected successfully to MongoDB ✅"}
{"level":"info","message":"Running..."}
{"level":"info","message":"Connected successfully to MongoDB ✅"}
{"level":"info","message":"Running..."}
{"level":"info","message":"Connected successfully to MongoDB ✅"}
{"level":"info","message":"Running..."}
{"level":"info","message":"Connected successfully to MongoDB ✅"}
{"level":"info","message":"Running..."}
{"level":"info","message":"Connected successfully to MongoDB ✅"}
{"level":"info","message":"Running..."}
{"level":"info","message":"Connected successfully to MongoDB ✅"}
{"level":"info","message":"Running..."}
{"level":"info","message":"Connected successfully to MongoDB ✅"}
{"level":"info","message":"Running..."}
{"level":"info","message":"Connected successfully to MongoDB ✅"}
{"level":"info","message":"Running..."}
{"level":"info","message":"Connected successfully to MongoDB ✅"}
{"level":"info","message":"Running..."}
{"level":"info","message":"Connected successfully to MongoDB ✅"}
{"level":"info","message":"Running..."}
{"level":"info","message":"Connected successfully to MongoDB ✅"}
{"level":"info","message":"Running..."}
{"level":"info","message":"Connected successfully to MongoDB ✅"}
{"level":"info","message":"Running..."}
{"level":"info","message":"Connected successfully to MongoDB ✅"}
{"level":"info","message":"Running..."}
{"level":"info","message":"Connected successfully to MongoDB ✅"}
{"level":"info","message":"Running..."}
{"level":"info","message":"Connected successfully to MongoDB ✅"}
{"level":"info","message":"Running..."}
{"level":"info","message":"Connected successfully to MongoDB ✅"}
{"level":"info","message":"Running..."}
{"level":"info","message":"Connected successfully to MongoDB ✅"}
{"level":"error"}
{"level":"info","message":"Running..."}
{"level":"info","message":"Connected successfully to MongoDB ✅"}
{"level":"info","message":"Running..."}
{"level":"info","message":"Connected successfully to MongoDB ✅"}
{"level":"info","message":"Running..."}
{"level":"info","message":"Connected successfully to MongoDB ✅"}
{"level":"info","message":"Running..."}
{"level":"info","message":"Connected successfully to MongoDB ✅"}
{"level":"info","message":"Running..."}
{"level":"info","message":"Connected successfully to MongoDB ✅"}
{"level":"info","message":"Running..."}
{"level":"info","message":"Connected successfully to MongoDB ✅"}
{"level":"info","message":"Running..."}
{"level":"info","message":"Connected successfully to MongoDB ✅"}
{"level":"info","message":"Running..."}
{"level":"info","message":"Connected successfully to MongoDB ✅"}
{"level":"error"}
{"level":"info","message":"Running..."}
{"level":"info","message":"Connected successfully to MongoDB ✅"}
{"level":"error"}
{"level":"info","message":"Running..."}
{"level":"info","message":"Connected successfully to MongoDB ✅"}
{"level":"error"}
{"level":"info","message":"Running..."}
{"level":"info","message":"Connected successfully to MongoDB ✅"}
{"level":"error"}
{"level":"info","message":"Running..."}
{"level":"info","message":"Connected successfully to MongoDB ✅"}
{"level":"info","message":"Running..."}
{"level":"info","message":"Connected successfully to MongoDB ✅"}
{"level":"error"}
{"level":"info","message":"Running..."}
{"level":"info","message":"Connected successfully to MongoDB ✅"}
{"level":"info","message":"Running..."}
{"level":"info","message":"Connected successfully to MongoDB ✅"}
{"level":"error"}
{"level":"info","message":"Running..."}
{"level":"info","message":"Connected successfully to MongoDB ✅"}
{"level":"error"}
{"level":"info","message":"Running..."}
{"level":"info","message":"Connected successfully to MongoDB ✅"}
{"level":"error"}
{"level":"info","message":"Running..."}
{"level":"info","message":"Running..."}
{"level":"info","message":"Connected successfully to MongoDB ✅"}
{"level":"error"}
{"level":"info","message":"Running..."}
{"level":"info","message":"Connected successfully to MongoDB ✅"}
{"level":"error"}
{"level":"info","message":"Running..."}
{"level":"info","message":"Connected successfully to MongoDB ✅"}
{"level":"info","message":"Running..."}
{"level":"info","message":"Running..."}
{"level":"info","message":"Connected successfully to MongoDB ✅"}
{"level":"error"}
{"level":"info","message":"Running..."}
{"level":"info","message":"Connected successfully to MongoDB ✅"}
{"level":"info","message":"Running..."}
{"level":"info","message":"Connected successfully to MongoDB ✅"}
{"level":"info","message":"Running..."}
{"level":"info","message":"Connected successfully to MongoDB ✅"}
{"level":"info","message":"Running..."}
{"level":"info","message":"Connected successfully to MongoDB ✅"}
{"level":"info","message":"Running..."}
{"level":"info","message":"Connected successfully to MongoDB ✅"}
{"level":"info","message":"Running..."}
{"level":"info","message":"Connected successfully to MongoDB ✅"}
{"level":"info","message":"Running..."}
{"level":"info","message":"Connected successfully to MongoDB ✅"}
{"level":"info","message":"Running..."}
{"level":"info","message":"Connected successfully to MongoDB ✅"}
{"level":"info","message":"Running..."}
{"level":"info","message":"Connected successfully to MongoDB ✅"}
{"level":"info","message":"Running..."}
{"level":"info","message":"Connected successfully to MongoDB ✅"}
{"level":"info","message":"Running..."}
{"level":"info","message":"Connected successfully to MongoDB ✅"}
{"level":"info","message":"Running..."}
{"level":"info","message":"Connected successfully to MongoDB ✅"}
{"level":"info","message":"Running..."}
{"level":"info","message":"Connected successfully to MongoDB ✅"}
{"level":"info","message":"Running..."}
{"level":"info","message":"Connected successfully to MongoDB ✅"}
{"level":"info","message":"Running..."}
{"level":"info","message":"Connected successfully to MongoDB ✅"}
{"level":"info","message":"Running..."}
{"level":"info","message":"Connected successfully to MongoDB ✅"}
{"level":"info","message":"Running..."}
{"level":"info","message":"Connected successfully to MongoDB ✅"}
{"level":"info","message":"Running..."}
{"level":"info","message":"Connected successfully to MongoDB ✅"}
{"level":"info","message":"Running..."}
{"level":"info","message":"Connected successfully to MongoDB ✅"}
{"level":"info","message":"Running..."}
{"level":"info","message":"Connected successfully to MongoDB ✅"}
{"level":"info","message":"Running..."}
{"level":"info","message":"Connected successfully to MongoDB ✅"}
{"level":"info","message":"Running..."}
{"level":"info","message":"Connected successfully to MongoDB ✅"}
{"level":"info","message":"Running..."}
{"level":"info","message":"Connected successfully to MongoDB ✅"}
{"level":"info","message":"Running..."}
{"level":"info","message":"Connected successfully to MongoDB ✅"}
{"level":"info","message":"Running..."}
{"level":"info","message":"Connected successfully to MongoDB ✅"}
{"level":"info","message":"Running..."}
{"level":"info","message":"Connected successfully to MongoDB ✅"}
{"level":"info","message":"Running..."}
{"level":"info","message":"Running..."}
{"level":"info","message":"Connected successfully to MongoDB ✅"}
{"level":"info","message":"Running..."}
{"level":"info","message":"Connected successfully to MongoDB ✅"}
{"level":"info","message":"Running..."}
{"level":"info","message":"Connected successfully to MongoDB ✅"}
{"level":"info","message":"Running..."}
{"level":"info","message":"Connected successfully to MongoDB ✅"}
{"level":"info","message":"Running..."}
{"level":"info","message":"Connected successfully to MongoDB ✅"}
{"level":"info","message":"Running..."}
{"level":"info","message":"Connected successfully to MongoDB ✅"}
{"level":"info","message":"Running..."}
{"level":"info","message":"Connected successfully to MongoDB ✅"}
{"level":"info","message":"Running..."}
{"level":"info","message":"Connected successfully to MongoDB ✅"}
{"level":"info","message":"Running..."}
{"level":"info","message":"Connected successfully to MongoDB ✅"}
{"level":"info","message":"Running..."}
{"level":"info","message":"Connected successfully to MongoDB ✅"}
{"level":"info","message":"Running..."}
{"level":"info","message":"Connected successfully to MongoDB ✅"}
{"level":"info","message":"Running..."}
{"level":"info","message":"Connected successfully to MongoDB ✅"}
{"level":"info","message":"Running..."}
{"level":"info","message":"Connected successfully to MongoDB ✅"}
{"level":"info","message":"Running..."}
{"level":"info","message":"Connected successfully to MongoDB ✅"}
{"level":"info","message":"Running..."}
{"level":"info","message":"Connected successfully to MongoDB ✅"}
{"level":"info","message":"Running..."}
{"level":"info","message":"Connected successfully to MongoDB ✅"}
{"level":"info","message":"Running..."}
{"level":"info","message":"Connected successfully to MongoDB ✅"}
{"level":"info","message":"Running..."}
{"level":"info","message":"Connected successfully to MongoDB ✅"}
{"level":"info","message":"Running..."}
{"level":"info","message":"Connected successfully to MongoDB ✅"}
{"level":"info","message":"Running..."}
{"level":"info","message":"Connected successfully to MongoDB ✅"}
{"level":"info","message":"Running..."}
{"level":"info","message":"Connected successfully to MongoDB ✅"}
{"level":"info","message":"Running..."}
{"level":"info","message":"Connected successfully to MongoDB ✅"}
{"level":"info","message":"Running..."}
{"level":"info","message":"Connected successfully to MongoDB ✅"}
{"level":"info","message":"Running..."}
{"level":"info","message":"Connected successfully to MongoDB ✅"}
{"level":"info","message":"Running..."}
{"level":"info","message":"Connected successfully to MongoDB ✅"}
{"level":"info","message":"Running..."}
{"level":"info","message":"Connected successfully to MongoDB ✅"}
{"level":"info","message":"Running..."}
{"level":"info","message":"Connected successfully to MongoDB ✅"}
{"level":"info","message":"Running..."}
{"level":"info","message":"Connected successfully to MongoDB ✅"}
{"level":"info","message":"Running..."}
{"level":"info","message":"Connected successfully to MongoDB ✅"}
{"level":"info","message":"Running..."}
{"level":"info","message":"Connected successfully to MongoDB ✅"}
{"level":"info","message":"Running..."}
{"level":"info","message":"Connected successfully to MongoDB ✅"}
{"level":"info","message":"Running..."}
{"level":"info","message":"Connected successfully to MongoDB ✅"}
{"level":"info","message":"Running..."}
{"level":"info","message":"Connected successfully to MongoDB ✅"}
{"level":"info","message":"Running..."}
{"level":"info","message":"Connected successfully to MongoDB ✅"}
{"level":"info","message":"Running..."}
{"level":"info","message":"Connected successfully to MongoDB ✅"}
{"level":"info","message":"Running..."}
{"level":"info","message":"Connected successfully to MongoDB ✅"}
{"level":"info","message":"Running..."}
{"level":"info","message":"Connected successfully to MongoDB ✅"}
{"level":"info","message":"Running..."}
{"level":"info","message":"Connected successfully to MongoDB ✅"}
{"level":"info","message":"Running..."}
{"level":"info","message":"Connected successfully to MongoDB ✅"}
{"level":"info","message":"Running..."}
{"level":"info","message":"Connected successfully to MongoDB ✅"}
{"level":"info","message":"Running..."}
{"level":"info","message":"Connected successfully to MongoDB ✅"}
{"level":"info","message":"Running..."}
{"level":"info","message":"Connected successfully to MongoDB ✅"}
{"level":"info","message":"Running..."}
{"level":"info","message":"Connected successfully to MongoDB ✅"}
{"level":"info","message":"Running..."}
{"level":"info","message":"Connected successfully to MongoDB ✅"}
{"level":"info","message":"Running..."}
{"level":"info","message":"Connected successfully to MongoDB ✅"}
{"level":"info","message":"Running..."}
{"level":"info","message":"Connected successfully to MongoDB ✅"}
{"level":"info","message":"Running..."}
{"level":"info","message":"Connected successfully to MongoDB ✅"}
{"level":"info","message":"Running..."}
{"level":"info","message":"Connected successfully to MongoDB ✅"}
{"level":"info","message":"Running..."}
{"level":"info","message":"Connected successfully to MongoDB ✅"}
{"level":"info","message":"Running..."}
{"level":"info","message":"Connected successfully to MongoDB ✅"}
{"level":"info","message":"Running..."}
{"level":"info","message":"Connected successfully to MongoDB ✅"}
{"level":"info","message":"Running..."}
{"level":"info","message":"Connected successfully to MongoDB ✅"}
{"level":"info","message":"Running..."}
{"level":"info","message":"Running..."}
{"level":"info","message":"Connected successfully to MongoDB ✅"}
{"level":"info","message":"Running..."}
{"level":"info","message":"Connected successfully to MongoDB ✅"}
{"level":"info","message":"Running..."}
{"level":"info","message":"Connected successfully to MongoDB ✅"}
{"level":"info","message":"Running..."}
{"level":"info","message":"Connected successfully to MongoDB ✅"}
{"level":"info","message":"Running..."}
{"level":"info","message":"Connected successfully to MongoDB ✅"}
{"level":"info","message":"Running..."}
{"level":"info","message":"Connected successfully to MongoDB ✅"}
{"level":"info","message":"Running..."}
{"level":"info","message":"Connected successfully to MongoDB ✅"}
{"level":"info","message":"Running..."}
{"level":"info","message":"Connected successfully to MongoDB ✅"}
{"level":"info","message":"Running..."}
{"level":"info","message":"Connected successfully to MongoDB ✅"}
{"level":"info","message":"Running..."}
{"level":"info","message":"Connected successfully to MongoDB ✅"}
{"level":"info","message":"Running..."}
{"level":"info","message":"Connected successfully to MongoDB ✅"}
{"level":"info","message":"Running..."}
{"level":"info","message":"Connected successfully to MongoDB ✅"}
{"level":"info","message":"Running..."}
{"level":"info","message":"Connected successfully to MongoDB ✅"}
{"level":"info","message":"Running..."}
{"level":"info","message":"Connected successfully to MongoDB ✅"}
{"level":"info","message":"Running..."}
{"level":"info","message":"Connected successfully to MongoDB ✅"}
{"level":"info","message":"Running..."}
{"level":"info","message":"Connected successfully to MongoDB ✅"}
{"level":"info","message":"Running..."}
{"level":"info","message":"Connected successfully to MongoDB ✅"}
{"level":"info","message":"Running..."}
{"level":"info","message":"Connected successfully to MongoDB ✅"}
{"level":"info","message":"Running..."}
{"level":"info","message":"Connected successfully to MongoDB ✅"}
{"level":"info","message":"Running..."}
{"level":"info","message":"Connected successfully to MongoDB ✅"}
{"level":"info","message":"Running..."}
{"level":"info","message":"Connected successfully to MongoDB ✅"}
{"level":"info","message":"Running..."}
{"level":"info","message":"Connected successfully to MongoDB ✅"}
{"level":"info","message":"Running..."}
{"level":"info","message":"Connected successfully to MongoDB ✅"}
{"level":"info","message":"Running..."}
{"level":"info","message":"Connected successfully to MongoDB ✅"}
{"level":"info","message":"Running..."}
{"level":"info","message":"Connected successfully to MongoDB ✅"}
{"level":"info","message":"Running..."}
{"level":"info","message":"Connected successfully to MongoDB ✅"}
{"level":"info","message":"Running..."}
{"level":"info","message":"Connected successfully to MongoDB ✅"}
{"level":"info","message":"Running..."}
{"level":"info","message":"Connected successfully to MongoDB ✅"}
{"level":"info","message":"Running..."}
{"level":"info","message":"Connected successfully to MongoDB ✅"}
{"level":"info","message":"Running..."}
{"level":"info","message":"Connected successfully to MongoDB ✅"}
{"level":"info","message":"Running..."}
{"level":"info","message":"Connected successfully to MongoDB ✅"}
{"level":"info","message":"Running..."}
{"level":"info","message":"Connected successfully to MongoDB ✅"}
{"level":"info","message":"Running..."}
{"level":"info","message":"Connected successfully to MongoDB ✅"}
{"level":"info","message":"Running..."}
{"level":"info","message":"Connected successfully to MongoDB ✅"}
{"level":"info","message":"Running..."}
{"level":"info","message":"Connected successfully to MongoDB ✅"}
{"level":"info","message":"Running..."}
{"level":"info","message":"Connected successfully to MongoDB ✅"}
{"level":"info","message":"Running..."}
{"level":"info","message":"Running..."}
{"level":"info","message":"Connected successfully to MongoDB ✅"}
{"level":"info","message":"Running..."}
{"level":"info","message":"Connected successfully to MongoDB ✅"}
{"level":"info","message":"Running..."}
{"level":"info","message":"Running..."}
{"level":"info","message":"Connected successfully to MongoDB ✅"}
{"level":"info","message":"Running..."}
{"level":"info","message":"Connected successfully to MongoDB ✅"}
{"level":"info","message":"Running..."}
{"level":"info","message":"Connected successfully to MongoDB ✅"}
{"level":"info","message":"Running..."}
{"level":"info","message":"Connected successfully to MongoDB ✅"}
{"level":"info","message":"Running..."}
{"level":"info","message":"Connected successfully to MongoDB ✅"}
{"level":"info","message":"Running..."}
{"level":"info","message":"Connected successfully to MongoDB ✅"}
{"level":"info","message":"Running..."}
{"level":"info","message":"Connected successfully to MongoDB ✅"}
{"level":"info","message":"Running..."}
{"level":"info","message":"Connected successfully to MongoDB ✅"}
{"level":"info","message":"Running..."}
{"level":"info","message":"Connected successfully to MongoDB ✅"}
{"level":"info","message":"Running..."}
{"level":"info","message":"Connected successfully to MongoDB ✅"}
{"level":"info","message":"Running..."}
{"level":"info","message":"Connected successfully to MongoDB ✅"}
{"level":"info","message":"Running..."}
{"level":"info","message":"Connected successfully to MongoDB ✅"}
{"level":"info","message":"Running..."}
{"level":"info","message":"Connected successfully to MongoDB ✅"}
{"level":"info","message":"Running..."}
{"level":"info","message":"Connected successfully to MongoDB ✅"}
{"level":"info","message":"Running..."}
{"level":"info","message":"Connected successfully to MongoDB ✅"}
{"level":"info","message":"Running..."}
{"level":"info","message":"Connected successfully to MongoDB ✅"}
{"level":"info","message":"Running..."}
{"level":"info","message":"Connected successfully to MongoDB ✅"}
{"level":"info","message":"Running..."}
{"level":"info","message":"Connected successfully to MongoDB ✅"}
{"level":"info","message":"Running..."}
{"level":"info","message":"Connected successfully to MongoDB ✅"}
{"level":"info","message":"Running..."}
{"level":"info","message":"Connected successfully to MongoDB ✅"}
{"level":"info","message":"Running..."}
{"level":"info","message":"Connected successfully to MongoDB ✅"}
{"level":"info","message":"Running..."}
{"level":"info","message":"Connected successfully to MongoDB ✅"}
{"level":"info","message":"Running..."}
{"level":"info","message":"Connected successfully to MongoDB ✅"}
{"level":"info","message":"Running..."}
{"level":"info","message":"Connected successfully to MongoDB ✅"}
{"level":"info","message":"Running..."}
{"level":"info","message":"Connected successfully to MongoDB ✅"}
{"level":"info","message":"Running..."}
{"level":"info","message":"Connected successfully to MongoDB ✅"}
{"level":"info","message":"Running..."}
{"level":"info","message":"Connected successfully to MongoDB ✅"}
{"level":"info","message":"Running..."}
{"level":"info","message":"Connected successfully to MongoDB ✅"}
{"level":"info","message":"Running..."}
{"level":"info","message":"Connected successfully to MongoDB ✅"}
{"level":"info","message":"Running..."}
{"level":"info","message":"Connected successfully to MongoDB ✅"}
{"level":"info","message":"Running..."}
{"level":"info","message":"Connected successfully to MongoDB ✅"}
{"level":"info","message":"Running..."}
{"level":"info","message":"Connected successfully to MongoDB ✅"}
{"level":"info","message":"Running..."}
{"level":"info","message":"Connected successfully to MongoDB ✅"}
{"level":"info","message":"Running..."}
{"level":"info","message":"Connected successfully to MongoDB ✅"}
{"level":"info","message":"Running..."}
{"level":"info","message":"Connected successfully to MongoDB ✅"}
{"level":"info","message":"Running..."}
{"level":"info","message":"Connected successfully to MongoDB ✅"}
{"level":"info","message":"Running..."}
{"level":"info","message":"Connected successfully to MongoDB ✅"}
{"level":"info","message":"Running..."}
{"level":"info","message":"Connected successfully to MongoDB ✅"}
{"level":"info","message":"Running..."}
{"level":"info","message":"Connected successfully to MongoDB ✅"}
{"level":"info","message":"Running..."}
{"level":"info","message":"Connected successfully to MongoDB ✅"}
{"level":"info","message":"Running..."}
{"level":"info","message":"Connected successfully to MongoDB ✅"}
{"level":"info","message":"Running..."}
{"level":"info","message":"Connected successfully to MongoDB ✅"}
{"level":"info","message":"Running..."}
{"level":"info","message":"Connected successfully to MongoDB ✅"}
{"level":"info","message":"Running..."}
{"level":"info","message":"Connected successfully to MongoDB ✅"}
{"level":"info","message":"Running..."}
{"level":"info","message":"Connected successfully to MongoDB ✅"}
{"level":"info","message":"Running..."}
{"level":"info","message":"Connected successfully to MongoDB ✅"}
{"level":"info","message":"Running..."}
{"level":"info","message":"Connected successfully to MongoDB ✅"}
{"level":"info","message":"Running..."}
{"level":"info","message":"Connected successfully to MongoDB ✅"}
{"level":"info","message":"Running..."}
{"level":"info","message":"Connected successfully to MongoDB ✅"}
{"level":"info","message":"Running..."}
{"level":"info","message":"Connected successfully to MongoDB ✅"}
{"level":"info","message":"Running..."}
{"level":"info","message":"Running..."}
{"level":"info","message":"Connected successfully to MongoDB ✅"}
{"level":"info","message":"Running..."}
{"level":"info","message":"Connected successfully to MongoDB ✅"}
{"level":"info","message":"Running..."}
{"level":"info","message":"Connected successfully to MongoDB ✅"}
{"level":"info","message":"Running..."}
{"level":"info","message":"Connected successfully to MongoDB ✅"}
{"level":"info","message":"Running..."}
{"level":"info","message":"Connected successfully to MongoDB ✅"}
{"level":"info","message":"Running..."}
{"level":"info","message":"Connected successfully to MongoDB ✅"}
{"level":"info","message":"Running..."}
{"level":"info","message":"Connected successfully to MongoDB ✅"}
{"level":"info","message":"Running..."}
{"level":"info","message":"Connected successfully to MongoDB ✅"}
{"level":"info","message":"Running..."}
{"level":"error","message":"Connection to MongoDB failed ❌"}
{"level":"info","message":"Running..."}
{"level":"info","message":"Connected successfully to MongoDB ✅"}
{"level":"info","message":"Running..."}
{"level":"info","message":"Connected successfully to MongoDB ✅"}
{"level":"info","message":"Running..."}
{"level":"info","message":"Connected successfully to MongoDB ✅"}
{"level":"info","message":"Running..."}
{"level":"info","message":"Connected successfully to MongoDB ✅"}
{"level":"info","message":"Running..."}
{"level":"info","message":"Connected successfully to MongoDB ✅"}
{"level":"info","message":"Running..."}
{"level":"info","message":"Connected successfully to MongoDB ✅"}
{"level":"info","message":"Running..."}
{"level":"info","message":"Connected successfully to MongoDB ✅"}
{"level":"info","message":"Running..."}
{"level":"info","message":"Connected successfully to MongoDB ✅"}
{"level":"info","message":"Running..."}
{"level":"info","message":"Connected successfully to MongoDB ✅"}
{"level":"info","message":"Running..."}
{"level":"info","message":"Running..."}
{"level":"info","message":"Connected successfully to MongoDB ✅"}
{"level":"info","message":"Running..."}
{"level":"info","message":"Connected successfully to MongoDB ✅"}
{"level":"info","message":"Running..."}
{"level":"info","message":"Connected successfully to MongoDB ✅"}
{"level":"info","message":"Running..."}
{"level":"info","message":"Connected successfully to MongoDB ✅"}
{"level":"info","message":"Running..."}
{"level":"error","message":"Connection to MongoDB failed ❌"}
{"level":"info","message":"Running..."}
{"level":"info","message":"Running..."}
{"level":"info","message":"Connected successfully to MongoDB ✅"}
{"level":"info","message":"Running..."}
{"level":"info","message":"Running..."}
{"level":"info","message":"Connected successfully to MongoDB ✅"}
{"level":"info","message":"Running..."}
{"level":"info","message":"Connected successfully to MongoDB ✅"}
{"level":"info","message":"Running..."}
{"level":"info","message":"Connected successfully to MongoDB ✅"}
{"level":"info","message":"Running..."}
{"level":"info","message":"Connected successfully to MongoDB ✅"}
{"level":"info","message":"Running..."}
{"level":"info","message":"Connected successfully to MongoDB ✅"}
{"level":"info","message":"Running..."}
{"level":"info","message":"Connected successfully to MongoDB ✅"}
{"level":"info","message":"Running..."}
{"level":"info","message":"Connected successfully to MongoDB ✅"}
{"level":"info","message":"Running..."}
{"level":"info","message":"Connected successfully to MongoDB ✅"}
{"level":"info","message":"Running..."}
{"level":"info","message":"Connected successfully to MongoDB ✅"}
{"level":"info","message":"Running..."}
{"level":"info","message":"Connected successfully to MongoDB ✅"}
{"level":"info","message":"Running..."}
{"level":"info","message":"Connected successfully to MongoDB ✅"}
{"level":"info","message":"Running..."}
{"level":"info","message":"Connected successfully to MongoDB ✅"}
{"level":"info","message":"Running..."}
{"level":"info","message":"Connected successfully to MongoDB ✅"}
{"level":"info","message":"Running..."}
{"level":"info","message":"Connected successfully to MongoDB ✅"}
{"level":"info","message":"Running..."}
{"level":"info","message":"Connected successfully to MongoDB ✅"}
{"level":"info","message":"Running..."}
{"level":"error","message":"Connection to MongoDB failed ❌"}
{"level":"info","message":"Running..."}
{"level":"info","message":"Connected successfully to MongoDB ✅"}
{"level":"info","message":"Running..."}
{"level":"info","message":"Connected successfully to MongoDB ✅"}
{"level":"info","message":"Running..."}
{"level":"info","message":"Connected successfully to MongoDB ✅"}
{"level":"info","message":"Running..."}
{"level":"info","message":"Connected successfully to MongoDB ✅"}
{"level":"info","message":"Running..."}
{"level":"info","message":"Connected successfully to MongoDB ✅"}
{"level":"info","message":"Running..."}
{"level":"info","message":"Connected successfully to MongoDB ✅"}
{"level":"info","message":"Running..."}
{"level":"info","message":"Connected successfully to MongoDB ✅"}
{"level":"info","message":"Running..."}
{"level":"info","message":"Connected successfully to MongoDB ✅"}
{"level":"error"}
{"level":"info","message":"Running..."}
{"level":"error"}
{"level":"info","message":"Running..."}
{"level":"error"}
{"level":"info","message":"Running..."}
{"level":"info","message":"Connected successfully to MongoDB ✅"}
{"level":"info","message":"Running..."}
{"level":"info","message":"Connected successfully to MongoDB ✅"}
{"level":"info","message":"Running..."}
{"level":"info","message":"Connected successfully to MongoDB ✅"}
{"level":"info","message":"Running..."}
{"level":"info","message":"Connected successfully to MongoDB ✅"}
{"level":"info","message":"Running..."}
{"level":"info","message":"Connected successfully to MongoDB ✅"}
{"level":"info","message":"Running..."}
{"level":"info","message":"Connected successfully to MongoDB ✅"}
{"level":"info","message":"Running..."}
{"level":"info","message":"Connected successfully to MongoDB ✅"}
{"level":"info","message":"Running..."}
{"level":"info","message":"Connected successfully to MongoDB ✅"}
{"$clusterTime":{"clusterTime":{"$timestamp":"7344762154857267205"},"signature":{"hash":"hhy8HxBnC15JUvBqaxAfjzo4I3g=","keyId":{"high":1699471362,"low":14,"unsigned":false}}},"code":2,"codeName":"BadValue","level":"error","ok":0,"operationTime":{"$timestamp":"7344762154857267205"}}
{"level":"info","message":"Running..."}
{"level":"info","message":"Connected successfully to MongoDB ✅"}
{"$clusterTime":{"clusterTime":{"$timestamp":"7344762369605632012"},"signature":{"hash":"5oens1ImneRNi0lJN4z2Spx148I=","keyId":{"high":1699471362,"low":14,"unsigned":false}}},"code":2,"codeName":"BadValue","level":"error","ok":0,"operationTime":{"$timestamp":"7344762369605632012"}}
{"level":"info","message":"Running..."}
{"level":"info","message":"Connected successfully to MongoDB ✅"}
{"$clusterTime":{"clusterTime":{"$timestamp":"7344762408260337678"},"signature":{"hash":"xZWq7RvtUp0Opdnp8hRkAwE4x2g=","keyId":{"high":1699471362,"low":14,"unsigned":false}}},"code":2,"codeName":"BadValue","level":"error","ok":0,"operationTime":{"$timestamp":"7344762408260337678"}}
{"level":"info","message":"Running..."}
{"level":"info","message":"Connected successfully to MongoDB ✅"}
{"level":"info","message":"Running..."}
{"level":"info","message":"Connected successfully to MongoDB ✅"}
{"$clusterTime":{"clusterTime":{"$timestamp":"7344762472684847114"},"signature":{"hash":"HQMLvhk7apOW/T0/Dokg8pKIaBs=","keyId":{"high":1699471362,"low":14,"unsigned":false}}},"code":2,"codeName":"BadValue","level":"error","ok":0,"operationTime":{"$timestamp":"7344762472684847114"}}
{"level":"info","message":"Running..."}
{"level":"info","message":"Connected successfully to MongoDB ✅"}
{"$clusterTime":{"clusterTime":{"$timestamp":"7344762549994258445"},"signature":{"hash":"VbM++K9DvQdQNnvKg0NGN25gJSM=","keyId":{"high":1699471362,"low":14,"unsigned":false}}},"code":2,"codeName":"BadValue","level":"error","ok":0,"operationTime":{"$timestamp":"7344762549994258445"}}
{"level":"info","message":"Running..."}
{"level":"info","message":"Connected successfully to MongoDB ✅"}
{"level":"info","message":"Running..."}
{"level":"info","message":"Connected successfully to MongoDB ✅"}
{"level":"info","message":"Running..."}
{"level":"info","message":"Connected successfully to MongoDB ✅"}
{"$clusterTime":{"clusterTime":{"$timestamp":"7344763340268240897"},"signature":{"hash":"NuBiN2au2+hvdRSgl2ySSb1gkFE=","keyId":{"high":1699471362,"low":14,"unsigned":false}}},"code":2,"codeName":"BadValue","level":"error","ok":0,"operationTime":{"$timestamp":"7344763340268240897"}}
{"level":"info","message":"Running..."}
{"level":"info","message":"Connected successfully to MongoDB ✅"}
{"level":"info","message":"Running..."}
{"level":"info","message":"Connected successfully to MongoDB ✅"}
{"level":"info","message":"Running..."}
{"level":"info","message":"Connected successfully to MongoDB ✅"}
{"level":"info","message":"Running..."}
{"level":"info","message":"Connected successfully to MongoDB ✅"}
{"level":"info","message":"Running..."}
{"level":"info","message":"Connected successfully to MongoDB ✅"}
{"level":"info","message":"Running..."}
{"level":"info","message":"Connected successfully to MongoDB ✅"}
{"$clusterTime":{"clusterTime":{"$timestamp":"7344763705340461061"},"signature":{"hash":"vsfXqKAQXK+J8pb/ZO0EfogURa0=","keyId":{"high":1699471362,"low":14,"unsigned":false}}},"code":2,"codeName":"BadValue","level":"error","ok":0,"operationTime":{"$timestamp":"7344763705340461061"}}
{"level":"info","message":"Running..."}
{"level":"info","message":"Connected successfully to MongoDB ✅"}
{"$clusterTime":{"clusterTime":{"$timestamp":"7344764379650326541"},"signature":{"hash":"WbO3MvyXisrk3admF0cQE42GVSo=","keyId":{"high":1699471362,"low":14,"unsigned":false}}},"code":2,"codeName":"BadValue","level":"error","ok":0,"operationTime":{"$timestamp":"7344764379650326541"}}
{"level":"info","message":"Running..."}
{"level":"info","message":"Connected successfully to MongoDB ✅"}
{"level":"info","message":"Running..."}
{"level":"info","message":"Connected successfully to MongoDB ✅"}
{"$clusterTime":{"clusterTime":{"$timestamp":"7344764568628887554"},"signature":{"hash":"o2efcieBQW3TGcTrp24L4liskNw=","keyId":{"high":1699471362,"low":14,"unsigned":false}}},"code":2,"codeName":"BadValue","level":"error","ok":0,"operationTime":{"$timestamp":"7344764568628887554"}}
{"level":"info","message":"Running..."}
{"level":"info","message":"Connected successfully to MongoDB ✅"}
{"level":"info","message":"Running..."}
{"level":"info","message":"Connected successfully to MongoDB ✅"}
{"level":"info","message":"Running..."}
{"level":"info","message":"Running..."}
{"level":"info","message":"Connected successfully to MongoDB ✅"}
{"level":"info","message":"Running..."}
{"level":"info","message":"Connected successfully to MongoDB ✅"}
{"level":"info","message":"Running..."}
{"level":"info","message":"Connected successfully to MongoDB ✅"}
{"level":"info","message":"Running..."}
{"level":"info","message":"Connected successfully to MongoDB ✅"}
{"level":"info","message":"Running..."}
{"level":"info","message":"Connected successfully to MongoDB ✅"}
{"level":"info","message":"Running..."}
{"level":"info","message":"Connected successfully to MongoDB ✅"}
{"level":"error","path":"users"}
{"level":"info","message":"Running..."}
{"level":"info","message":"Connected successfully to MongoDB ✅"}
{"level":"error","path":"-password"}
{"level":"info","message":"Running..."}
{"level":"info","message":"Connected successfully to MongoDB ✅"}
{"level":"info","message":"Running..."}
{"level":"info","message":"Connected successfully to MongoDB ✅"}
{"level":"info","message":"Running..."}
{"level":"info","message":"Connected successfully to MongoDB ✅"}
{"level":"error"}
{"level":"info","message":"Running..."}
{"level":"info","message":"Connected successfully to MongoDB ✅"}
{"level":"info","message":"Running..."}
{"level":"info","message":"Connected successfully to MongoDB ✅"}
{"level":"info","message":"Running..."}
{"level":"info","message":"Connected successfully to MongoDB ✅"}
{"code":"ERR_HTTP_HEADERS_SENT","level":"error"}
{"level":"info","message":"Running..."}
{"level":"info","message":"Connected successfully to MongoDB ✅"}
{"level":"error"}
{"level":"info","message":"Running..."}
{"level":"error"}
{"level":"info","message":"Running..."}
{"level":"info","message":"Connected successfully to MongoDB ✅"}
{"level":"error"}
{"level":"info","message":"Running..."}
{"level":"info","message":"Connected successfully to MongoDB ✅"}
{"level":"error"}
{"level":"info","message":"Running..."}
{"level":"info","message":"Connected successfully to MongoDB ✅"}
{"level":"error"}
{"level":"info","message":"Running..."}
{"level":"info","message":"Connected successfully to MongoDB ✅"}
{"level":"error"}
{"level":"info","message":"Running..."}
{"level":"info","message":"Connected successfully to MongoDB ✅"}
{"level":"info","message":"Running..."}
{"level":"info","message":"Connected successfully to MongoDB ✅"}
{"level":"info","message":"Running..."}
{"level":"info","message":"Connected successfully to MongoDB ✅"}
{"level":"info","message":"Running..."}
{"level":"info","message":"Connected successfully to MongoDB ✅"}
{"level":"info","message":"Running..."}
{"level":"info","message":"Connected successfully to MongoDB ✅"}
{"level":"info","message":"Running..."}
{"level":"info","message":"Connected successfully to MongoDB ✅"}
{"level":"info","message":"Running..."}
{"level":"info","message":"Connected successfully to MongoDB ✅"}
{"level":"info","message":"Running..."}
{"level":"info","message":"Connected successfully to MongoDB ✅"}
{"level":"info","message":"Running..."}
{"level":"info","message":"Connected successfully to MongoDB ✅"}
{"level":"info","message":"Running..."}
{"level":"info","message":"Connected successfully to MongoDB ✅"}
{"level":"info","message":"Running..."}
{"level":"info","message":"Connected successfully to MongoDB ✅"}
{"level":"info","message":"Running..."}
{"level":"info","message":"Connected successfully to MongoDB ✅"}
{"level":"info","message":"Running..."}
{"level":"info","message":"Connected successfully to MongoDB ✅"}
{"level":"info","message":"Running..."}
{"level":"info","message":"Connected successfully to MongoDB ✅"}
{"level":"info","message":"Running..."}
{"level":"info","message":"Connected successfully to MongoDB ✅"}
{"level":"info","message":"Running..."}
{"level":"info","message":"Connected successfully to MongoDB ✅"}
{"level":"info","message":"Running..."}
{"level":"info","message":"Running..."}
{"level":"info","message":"Connected successfully to MongoDB ✅"}
{"level":"info","message":"Running..."}
{"level":"info","message":"Connected successfully to MongoDB ✅"}
{"level":"error","reason":{"commonWireVersion":0,"compatible":true,"heartbeatFrequencyMS":10000,"localThresholdMS":15,"logicalSessionTimeoutMinutes":null,"maxElectionId":"7fffffff0000000000000095","maxSetVersion":4,"servers":{},"setName":"atlas-1bm3kj-shard-0","stale":false,"type":"ReplicaSetNoPrimary"}}
{"level":"info","message":"Running..."}
{"level":"info","message":"Connected successfully to MongoDB ✅"}
{"level":"info","message":"Running..."}
{"level":"info","message":"Connected successfully to MongoDB ✅"}
{"level":"info","message":"Running..."}
{"level":"info","message":"Connected successfully to MongoDB ✅"}
{"level":"info","message":"Running..."}
{"level":"info","message":"Connected successfully to MongoDB ✅"}
