{"level":"error","message":"Running..."}
{"code":8000,"codeName":"AtlasError","connectionGeneration":0,"level":"error","ok":0}
{"level":"error","message":"Connection to MongoDB failed"}
{"level":"error","message":"Connection to MongoDB failed"}
{"level":"error","message":"Connection to MongoDB failed"}
{"level":"error","message":"Connection to MongoDB failed"}
{"level":"error","message":"Connection to MongoDB failed"}
{"level":"error","message":"Connection to MongoDB failed"}
{"level":"error","message":"Connection to MongoDB failed"}
{"level":"error","message":"Connection to MongoDB failed"}
{"level":"error","message":"Connection to MongoDB failed"}
{"level":"error","message":"Connection to MongoDB failed"}
{"level":"error","message":"Connection to MongoDB failed"}
{"level":"error","message":"Connection to MongoDB failed"}
{"level":"error","message":"Connection to MongoDB failed"}
{"level":"error","message":"Connection to MongoDB failed"}
{"level":"error","message":"Connection to MongoDB failed"}
{"_message":"UserModel validation failed","errors":{"password":{"kind":"minlength","message":"Password should be at least 6 characters","name":"ValidatorError","path":"password","properties":{"message":"Password should be at least 6 characters","minlength":6,"path":"password","type":"minlength","value":"1234"},"value":"1234"},"picture":{"kind":"required","message":"Please provide a picture","name":"ValidatorError","path":"picture","properties":{"message":"Please provide a picture","path":"picture","type":"required","value":""},"value":""}},"level":"error","message":"UserModel validation failed: password: Password should be at least 6 characters, picture: Please provide a picture","name":"ValidationError"}
{"_message":"UserModel validation failed","errors":{"picture":{"kind":"required","message":"Please provide a picture","name":"ValidatorError","path":"picture","properties":{"message":"Please provide a picture","path":"picture","type":"required","value":""},"value":""}},"level":"error","message":"UserModel validation failed: picture: Please provide a picture","name":"ValidationError"}
{"code":11000,"index":0,"keyPattern":{"email":1},"keyValue":{"email":"amaben@gmail5.com"},"level":"error"}
{"level":"error","message":"Connection to MongoDB failed ❌"}
{"level":"error"}
{"level":"error"}
{"level":"error"}
{"level":"error"}
{"level":"error"}
{"level":"error"}
{"level":"error"}
{"level":"error"}
{"level":"error"}
{"level":"error"}
{"level":"error"}
{"level":"error"}
{"level":"error","message":"Connection to MongoDB failed ❌"}
